INFO [10-05|06:28:48.282] Starting pprof server                    addr=http://0.0.0.0:9545/debug/pprof
INFO [10-05|06:28:48.282] Connecting to private tx manager using HTTP 
INFO [10-05|06:28:48.292] Tessera API version: 5.0 
INFO [10-05|06:28:48.292] Target Private Tx Manager                name=Tessera distributionVersion=22.1.7
INFO [10-05|06:28:48.293] Maximum peer count                       ETH=50 LES=0 total=50
INFO [10-05|06:28:48.293] Smartcard socket not found, disabling    err="stat /run/pcscd/pcscd.comm: no such file or directory"
WARN [10-05|06:28:48.293] Found deprecated node list file /data/static-nodes.json, please use the TOML config file instead. 
INFO [10-05|06:28:58.302] Enabling recording of key preimages since archive mode is used 
INFO [10-05|06:28:58.302] Set global gas cap                       cap=25000000
INFO [10-05|06:28:58.327] Tessera API version: 5.0 
INFO [10-05|06:28:58.327] Target Private Tx Manager                name=Tessera distributionVersion=22.1.7
WARN [10-05|06:28:58.328] Sanitizing invalid miner gas price       provided=0 updated=0
INFO [10-05|06:28:58.328] Allocated trie memory caches             clean=154.00MiB dirty=256.00MiB
INFO [10-05|06:28:58.328] Allocated cache and file handles         database=/data/geth/chaindata cache=768.00MiB handles=524288
INFO [10-05|06:28:58.447] Using SegregatedCacheProvider. 
INFO [10-05|06:28:58.448] Loaded most recent local header          number=0 hash="7c1bf4…5de4c5" td=1 age=5y6mo3w
WARN [10-05|06:28:58.448] Failed to load snapshot, regenerating    err="missing or corrupted snapshot"
INFO [10-05|06:28:58.449] Deleted state snapshot leftovers         kind=accounts wiped=0 elapsed="34.661µs"
INFO [10-05|06:28:58.449] Deleted state snapshot leftovers         kind=storage  wiped=0 elapsed="20.4µs"
INFO [10-05|06:28:58.449] Compacting snapshot account area  
INFO [10-05|06:28:58.449] Wiper running, state snapshotting paused accounts=0 slots=0 storage=0.00B elapsed="724.055µs"
INFO [10-05|06:28:58.588] Compacted snapshot area in database      elapsed=139.379ms
INFO [10-05|06:28:58.588] Resuming state snapshot generation       root="5833f2…29dde1" accounts=0 slots=0 storage=0.00B elapsed="18.587µs"
INFO [10-05|06:28:58.589] Generated state snapshot                 accounts=4 slots=0 storage=200.00B elapsed="699.894µs"
INFO [10-05|06:29:13.547] Looking for peers                        peercount=0 tried=0 static=3
INFO [10-05|06:29:13.549] New local node record                    seq=1 id=c5ce1b7360900359 ip=127.0.0.1 udp=0 tcp=30303
INFO [10-05|06:29:13.549] Started P2P networking                   self="enode://7a5ef6b125638191ddfec89672a9fa05b4d33c52e5522092aa38d6b1b6fe87799beeca1d99bd934871e143a20ab2a411ff1eb5c916cd3f46032f3ba57bfe1cd7@127.0.0.1:30303?discport=0"
INFO [10-05|06:29:13.551] IPC endpoint opened                      url=/data/geth.ipc isMultitenant=false
INFO [10-05|06:29:13.551] Security Plugin is not enabled 
INFO [10-05|06:29:13.553] Security: TLS not enabled                endpoint=0.0.0.0:8546 reason="no TLSConfigurationSource found"
INFO [10-05|06:29:13.553] WebSocket enabled                        url=ws://[::]:8546
INFO [10-05|06:29:13.935] QBFT: start                              address=0xa23f59698a77216B81C5a64e92F5bE920eB0178b
INFO [10-05|06:29:13.935] QBFT: initialize new round               address=0xa23f59698a77216B81C5a64e92F5bE920eB0178b old.round=-1 old.seq=0 target.round=0 lastProposal.number=0 lastProposal.hash="7c1bf4…5de4c5"
INFO [10-05|06:29:28.563] Looking for peers                        peercount=0 tried=0 static=4
INFO [10-05|06:29:38.572] Looking for peers                        peercount=1 tried=2 static=4
WARN [10-05|06:29:48.598] full p2p peer                            id=e78ae2a931854e2a8094ccb637c67d666b28165d6307f5445e95b7f444f5d237 ethPeer="Peer e78ae2a931854e2a 172.26.0.7:60964"
INFO [10-05|06:29:58.553] Looking for peers                        peercount=0 tried=1 static=4
INFO [10-05|06:30:08.942] QBFT: handle PRE-PREPARE message         address=0xa23f59698a77216B81C5a64e92F5bE920eB0178b
INFO [10-05|06:30:08.943] QBFT: accepted PRE-PREPARE message       address=0xa23f59698a77216B81C5a64e92F5bE920eB0178b
INFO [10-05|06:30:08.943] QBFT: broadcast PREPARE message          address=0xa23f59698a77216B81C5a64e92F5bE920eB0178b current.round=0 current.sequence=1 state=Preprepared      msg.code=19 msg.source=0xa23f59698a77216B81C5a64e92F5bE920eB0178b msg.round=0 msg.sequence=1 payload=0xf867e30180a09b62093b7f0abaf7dd29293b8fc880300f22d4bc6a1d851c9f2c3ecf0fbbb60eb841e977546d087bfd108af44bb0fc1960df20ae800853c792e9c7cac010b5f385c7314ab03a76aaf6e1939d47442eb54bc091a6c4a62162752b3053e37dcb3176dc00
INFO [10-05|06:30:08.945] QBFT: handle PREPARE message             address=0xa23f59698a77216B81C5a64e92F5bE920eB0178b current.round=0 current.sequence=1 state=Preprepared      msg.code=19 msg.source=0xa23f59698a77216B81C5a64e92F5bE920eB0178b msg.round=0 msg.sequence=1 prepares.count=1 quorum=3
INFO [10-05|06:30:18.568] Looking for peers                        peercount=1 tried=0 static=4
WARN [10-05|06:30:18.943] QBFT: TIMER CHANGING ROUND               address=0xa23f59698a77216B81C5a64e92F5bE920eB0178b current.round=0 current.sequence=1 state=Preprepared      pr=<nil>
INFO [10-05|06:30:18.943] QBFT: changed state                      address=0xa23f59698a77216B81C5a64e92F5bE920eB0178b current.round=1 current.sequence=1 old.state=Preprepared      new.state="Accept request"
INFO [10-05|06:30:18.943] QBFT: start new round                    address=0xa23f59698a77216B81C5a64e92F5bE920eB0178b old.round=0  old.sequence=1 old.state=Preprepared      old.proposer=0x37C67d666B28165d6307F5445E95b7f444f5d237 next.round=1 next.seq=1 next.proposer=0x90Cc2f9298b0DA38f90FC67F82E14B701CcE7497 next.valSet="[0x37C67d666B28165d6307F5445E95b7f444f5d237 0x90Cc2f9298b0DA38f90FC67F82E14B701CcE7497 0xa23f59698a77216B81C5a64e92F5bE920eB0178b 0xD8C7aB6f715c1085460a1dfAC2C030Ca34Ab7319]" next.size=4 next.IsProposer=false
WARN [10-05|06:30:18.943] QBFT: TIMER CHANGED ROUND                address=0xa23f59698a77216B81C5a64e92F5bE920eB0178b current.round=0 current.sequence=1 state=Preprepared      pr=<nil>
INFO [10-05|06:30:18.944] QBFT: broadcast ROUND-CHANGE message     address=0xa23f59698a77216B81C5a64e92F5bE920eB0178b current.round=1 current.sequence=1 state="Accept request" msg.code=21 msg.source=0x0000000000000000000000000000000000000000 msg.round=1 msg.sequence=1 payload=0xf84bf847c30101c0b841e05355c291afa6d13c5f278c9c3170370b0376c51688f6443e2dbf9065e406cc23bcff9202201a0e275046df0d20296a138dc3b1e200277a82bcd6e0058cfe3f00c0c0
INFO [10-05|06:30:18.944] QBFT: handle ROUND-CHANGE message        address=0xa23f59698a77216B81C5a64e92F5bE920eB0178b current.round=1 current.sequence=1 state="Accept request" msg.code=21 msg.source=0x37C67d666B28165d6307F5445E95b7f444f5d237 msg.round=1 msg.sequence=1 higherRoundChanges.count=0 currentRoundChanges.count=0
INFO [10-05|06:30:18.945] QBFT: handle ROUND-CHANGE message        address=0xa23f59698a77216B81C5a64e92F5bE920eB0178b current.round=1 current.sequence=1 state="Accept request" msg.code=21 msg.source=0xa23f59698a77216B81C5a64e92F5bE920eB0178b msg.round=1 msg.sequence=1 higherRoundChanges.count=0 currentRoundChanges.count=1
INFO [10-05|06:30:28.581] Looking for peers                        peercount=1 tried=1 static=4
WARN [10-05|06:30:38.943] QBFT: TIMER CHANGING ROUND               address=0xa23f59698a77216B81C5a64e92F5bE920eB0178b current.round=1 current.sequence=1 state="Accept request" pr=<nil>
INFO [10-05|06:30:38.943] QBFT: initialize new round               address=0xa23f59698a77216B81C5a64e92F5bE920eB0178b current.round=1 current.sequence=1 target.round=2 lastProposal.number=0 lastProposal.hash="7c1bf4…5de4c5"
INFO [10-05|06:30:38.943] QBFT: start new round                    address=0xa23f59698a77216B81C5a64e92F5bE920eB0178b old.round=1  old.sequence=1 old.state="Accept request" old.proposer=0x90Cc2f9298b0DA38f90FC67F82E14B701CcE7497 next.round=2 next.seq=1 next.proposer=0xa23f59698a77216B81C5a64e92F5bE920eB0178b next.valSet="[0x37C67d666B28165d6307F5445E95b7f444f5d237 0x90Cc2f9298b0DA38f90FC67F82E14B701CcE7497 0xa23f59698a77216B81C5a64e92F5bE920eB0178b 0xD8C7aB6f715c1085460a1dfAC2C030Ca34Ab7319]" next.size=4 next.IsProposer=true
INFO [10-05|06:30:38.944] QBFT: broadcast ROUND-CHANGE message     address=0xa23f59698a77216B81C5a64e92F5bE920eB0178b current.round=2 current.sequence=1 state="Accept request" msg.code=21 msg.source=0x0000000000000000000000000000000000000000 msg.round=2 msg.sequence=1 payload=0xf84bf847c30102c0b8410e704c5ede96e3c8a410738a11c7276f5a4ab7602567aedc1368ae9498e47bfc0408f9b28a7dc7935213972b32d9a107600c332c9279f2c5e3be9a0f2e6b9eb000c0c0
INFO [10-05|06:30:38.944] QBFT: handle ROUND-CHANGE message        address=0xa23f59698a77216B81C5a64e92F5bE920eB0178b current.round=2 current.sequence=1 state="Accept request" msg.code=21 msg.source=0x37C67d666B28165d6307F5445E95b7f444f5d237 msg.round=2 msg.sequence=1 higherRoundChanges.count=0 currentRoundChanges.count=0
INFO [10-05|06:30:38.944] QBFT: handle ROUND-CHANGE message        address=0xa23f59698a77216B81C5a64e92F5bE920eB0178b current.round=2 current.sequence=1 state="Accept request" msg.code=21 msg.source=0xa23f59698a77216B81C5a64e92F5bE920eB0178b msg.round=2 msg.sequence=1 higherRoundChanges.count=0 currentRoundChanges.count=1
INFO [10-05|06:30:43.561] Looking for peers                        peercount=1 tried=0 static=4
INFO [10-05|06:30:53.568] Looking for peers                        peercount=1 tried=1 static=4
INFO [10-05|06:31:13.584] Looking for peers                        peercount=1 tried=1 static=4
WARN [10-05|06:31:18.944] QBFT: TIMER CHANGING ROUND               address=0xa23f59698a77216B81C5a64e92F5bE920eB0178b current.round=2 current.sequence=1 state="Accept request" pr=<nil>
INFO [10-05|06:31:18.945] QBFT: start new round                    address=0xa23f59698a77216B81C5a64e92F5bE920eB0178b old.round=2  old.sequence=1 old.state="Accept request" old.proposer=0xa23f59698a77216B81C5a64e92F5bE920eB0178b next.round=3 next.seq=1 next.proposer=0xD8C7aB6f715c1085460a1dfAC2C030Ca34Ab7319 next.valSet="[0x37C67d666B28165d6307F5445E95b7f444f5d237 0x90Cc2f9298b0DA38f90FC67F82E14B701CcE7497 0xa23f59698a77216B81C5a64e92F5bE920eB0178b 0xD8C7aB6f715c1085460a1dfAC2C030Ca34Ab7319]" next.size=4 next.IsProposer=false
INFO [10-05|06:31:18.945] QBFT: broadcast ROUND-CHANGE message     address=0xa23f59698a77216B81C5a64e92F5bE920eB0178b current.round=3 current.sequence=1 state="Accept request" msg.code=21 msg.source=0x0000000000000000000000000000000000000000 msg.round=3 msg.sequence=1 payload=0xf84bf847c30103c0b841d805a3bfc12762d6351015eda7202c35193f766d362f00baecc413f000a6989601309a657b6f6ebff6a97e2f9266e66dd47748c01e2266ec6a515310b706e28f00c0c0
INFO [10-05|06:31:18.946] QBFT: handle ROUND-CHANGE message        address=0xa23f59698a77216B81C5a64e92F5bE920eB0178b current.round=3 current.sequence=1 state="Accept request" msg.code=21 msg.source=0xa23f59698a77216B81C5a64e92F5bE920eB0178b msg.round=3 msg.sequence=1 higherRoundChanges.count=0 currentRoundChanges.count=0
INFO [10-05|06:31:18.947] QBFT: handle ROUND-CHANGE message        address=0xa23f59698a77216B81C5a64e92F5bE920eB0178b current.round=3 current.sequence=1 state="Accept request" msg.code=21 msg.source=0x37C67d666B28165d6307F5445E95b7f444f5d237 msg.round=3 msg.sequence=1 higherRoundChanges.count=0 currentRoundChanges.count=1
INFO [10-05|06:31:38.579] Looking for peers                        peercount=1 tried=1 static=4
INFO [10-05|06:31:47.429] IPC endpoint closed                      url=/data/geth.ipc
INFO [10-05|06:31:47.429] Stopping all plugins                     count=0
INFO [10-05|06:31:47.429] All plugins stopped                      errors=[]
INFO [10-05|06:31:47.429] extension service: stopping 
INFO [10-05|06:31:47.429] BFT: deactivate 
INFO [10-05|06:31:47.429] QBFT: stopping...                        address=0xa23f59698a77216B81C5a64e92F5bE920eB0178b
INFO [10-05|06:31:47.430] QBFT: stopped                            address=0xa23f59698a77216B81C5a64e92F5bE920eB0178b
INFO [10-05|06:31:47.430] Writing snapshot state to disk           root="5833f2…29dde1"
INFO [10-05|06:31:47.433] Persisted the clean trie cache           path=/data/geth/triecache elapsed=2.999ms
