INFO [10-06|03:36:17.816] Starting pprof server                    addr=http://0.0.0.0:9545/debug/pprof
INFO [10-06|03:36:17.816] Connecting to private tx manager using HTTP 
INFO [10-06|03:36:17.835] Tessera API version: 5.0 
INFO [10-06|03:36:17.836] Target Private Tx Manager                name=Tessera distributionVersion=22.1.7
INFO [10-06|03:36:17.836] Maximum peer count                       ETH=50 LES=0 total=50
INFO [10-06|03:36:17.836] Smartcard socket not found, disabling    err="stat /run/pcscd/pcscd.comm: no such file or directory"
WARN [10-06|03:36:17.837] Found deprecated node list file /data/static-nodes.json, please use the TOML config file instead. 
INFO [10-06|03:36:17.837] Enabling recording of key preimages since archive mode is used 
INFO [10-06|03:36:17.843] Tessera API version: 5.0 
INFO [10-06|03:36:17.843] Target Private Tx Manager                name=Tessera distributionVersion=22.1.7
WARN [10-06|03:36:17.843] Sanitizing invalid miner gas price       provided=0 updated=0
INFO [10-06|03:36:17.843] Allocated trie memory caches             clean=154.00MiB dirty=256.00MiB
INFO [10-06|03:36:17.843] Allocated cache and file handles         database=/data/geth/chaindata cache=768.00MiB handles=524288
INFO [10-06|03:36:17.960] Opened ancient database                  database=/data/geth/chaindata/ancient readonly=false
INFO [10-06|03:36:17.963] Initialising Ethereum protocol           network=1337 dbversion=<nil>
INFO [10-06|03:36:17.963] Initialising Quorum consensus protocol   name=istanbul versions="[100 99 64]" network=1337 dbversion=<nil>
WARN [10-06|03:36:17.963] Upgrade blockchain database version      from=<nil> to=8
INFO [10-06|03:36:17.964] Using SegregatedCacheProvider. 
INFO [10-06|03:36:17.965] Loaded most recent local header          number=0 hash="7c1bf4…5de4c5" td=1 age=5y6mo3w
INFO [10-06|03:36:17.965] Loaded most recent local full block      number=0 hash="7c1bf4…5de4c5" td=1 age=5y6mo3w
INFO [10-06|03:36:17.965] Loaded most recent local fast block      number=0 hash="7c1bf4…5de4c5" td=1 age=5y6mo3w
WARN [10-06|03:36:17.965] Failed to load snapshot, regenerating    err="missing or corrupted snapshot"
INFO [10-06|03:36:17.965] Rebuilding state snapshot 
INFO [10-06|03:36:17.966] Deleted state snapshot leftovers         kind=accounts wiped=0 elapsed="104.442µs"
INFO [10-06|03:36:17.966] Wiper running, state snapshotting paused accounts=0 slots=0 storage=0.00B elapsed="450.38µs"
INFO [10-06|03:36:17.966] Regenerated local transaction journal    transactions=0 accounts=0
INFO [10-06|03:36:17.966] Deleted state snapshot leftovers         kind=storage  wiped=0 elapsed="34.271µs"
INFO [10-06|03:36:17.966] Compacting snapshot account area  
WARN [10-06|03:36:17.976] Error reading unclean shutdown markers   error="leveldb: not found"
WARN [10-06|03:36:17.977] permission-config.json file is missing. Smart-contract-based permission service will be disabled error="stat /data/permission-config.json: no such file or directory"
INFO [10-06|03:36:17.977] extension service registered 
INFO [10-06|03:36:17.977] No plugins to initialise 
INFO [10-06|03:36:17.977] Starting peer-to-peer node               instance=Geth/node2/v1.10.2-stable-e5b930e8(quorum-v22.7.0)/linux-amd64/go1.16.15
INFO [10-06|03:36:18.025] Compacting snapshot storage area  
INFO [10-06|03:36:18.040] New local node record                    seq=1 id=c5ce1b7360900359 ip=127.0.0.1 udp=0 tcp=30303
INFO [10-06|03:36:18.040] Started P2P networking                   self="enode://7a5ef6b125638191ddfec89672a9fa05b4d33c52e5522092aa38d6b1b6fe87799beeca1d99bd934871e143a20ab2a411ff1eb5c916cd3f46032f3ba57bfe1cd7@127.0.0.1:30303?discport=0"
INFO [10-06|03:36:18.040] IPC endpoint opened                      url=/live/node2-geth.ipc isMultitenant=false
INFO [10-06|03:36:18.042] Security: TLS not enabled                endpoint=0.0.0.0:8545 reason="no TLSConfigurationSource found"
INFO [10-06|03:36:18.042] HTTP server started                      endpoint=[::]:8545    prefix= cors=* vhosts=* isTls=false
INFO [10-06|03:36:18.042] Security: TLS not enabled                endpoint=0.0.0.0:8546 reason="no TLSConfigurationSource found"
WARN [10-06|03:36:18.074] full p2p peer                            id=30afa3a9d2ccf8e8a8da3dbbd8c7ab6f715c1085460a1dfac2c030ca34ab7319 ethPeer="Peer 30afa3a9d2ccf8e8 172.26.0.9:44052"
WARN [10-06|03:36:18.080] full p2p peer                            id=6aac1fe7e5de302ff0bf880e90cc2f9298b0da38f90fc67f82e14b701cce7497 ethPeer="Peer 6aac1fe7e5de302f 172.26.0.11:56274"
INFO [10-06|03:36:18.091] Compacted snapshot area in database      elapsed=124.858ms
INFO [10-06|03:36:18.091] Resuming state snapshot generation       root="5833f2…29dde1" accounts=0 slots=0 storage=0.00B elapsed="6.63µs"
INFO [10-06|03:36:18.092] Generated state snapshot                 accounts=4 slots=0 storage=200.00B elapsed="288.758µs"
INFO [10-06|03:36:18.424] Unlocked account                         address=0x43f18d5aCfAF81a866082b9c68a785154d56b16c
WARN [10-06|03:36:18.424] permission-config.json file is missing. Smart-contract-based permission service will be disabled error="stat /data/permission-config.json: no such file or directory"
INFO [10-06|03:36:18.424] Transaction pool price threshold not updated as gasPrice is not enabled 
INFO [10-06|03:36:18.424] Transaction pool price threshold not updated as gasPrice is not enabled 
INFO [10-06|03:36:18.424] BFT: activate QBFT 
INFO [10-06|03:36:18.424] QBFT: start                              address=0xa23f59698a77216B81C5a64e92F5bE920eB0178b
INFO [10-06|03:36:18.424] QBFT: initialize new round               address=0xa23f59698a77216B81C5a64e92F5bE920eB0178b old.round=-1 old.seq=0 target.round=0 lastProposal.number=0 lastProposal.hash="7c1bf4…5de4c5"
INFO [10-06|03:36:18.424] QBFT: start new round                    address=0xa23f59698a77216B81C5a64e92F5bE920eB0178b old.round=-1 old.seq=0 next.round=0 next.seq=1 next.proposer=0x37C67d666B28165d6307F5445E95b7f444f5d237 next.valSet="[0x37C67d666B28165d6307F5445E95b7f444f5d237 0x90Cc2f9298b0DA38f90FC67F82E14B701CcE7497 0xa23f59698a77216B81C5a64e92F5bE920eB0178b 0xD8C7aB6f715c1085460a1dfAC2C030Ca34Ab7319]" next.size=4 next.IsProposer=false
INFO [10-06|03:36:18.424] Commit new mining work                   number=1 sealhash="bbd244…4b1c8c" uncles=0 txs=0 gas=0 fees=0 elapsed="88.751µs"
INFO [10-06|03:36:53.041] Looking for peers                        peercount=2 tried=3 static=4
INFO [10-06|03:37:10.507] Got interrupt, shutting down... 
INFO [10-06|03:37:10.509] HTTP server stopped                      endpoint=[::]:8545
INFO [10-06|03:37:10.511] Looking for peers                        peercount=1 tried=1 static=4
INFO [10-06|03:37:10.511] HTTP server stopped                      endpoint=[::]:8546
INFO [10-06|03:37:10.517] Persisted the clean trie cache           path=/data/geth/triecache elapsed=4.586ms
INFO [10-06|03:37:10.517] Blockchain stopped 
