INFO [10-05|06:10:13.367] Starting pprof server                    addr=http://0.0.0.0:9545/debug/pprof
INFO [10-05|06:10:13.367] Maximum peer count                       ETH=50 LES=0 total=50
INFO [10-05|06:10:13.367] Smartcard socket not found, disabling    err="stat /run/pcscd/pcscd.comm: no such file or directory"
WARN [10-05|06:10:13.368] Found deprecated node list file /data/static-nodes.json, please use the TOML config file instead. 
INFO [10-05|06:10:28.476] Opened ancient database                  database=/data/geth/chaindata/ancient readonly=false
INFO [10-05|06:10:28.477] Initialised chain configuration          config="{ChainID: 1337 Homestead: 0 DAO: <nil> DAOSupport: false EIP150: 0 EIP155: 0 EIP158: 0 Byzantium: 0 IsQuorum: true Constantinople: 0 TransactionSizeLimit: 64 MaxCodeSize: 0 Petersburg: <nil> Istanbul: <nil>, Muir Glacier: <nil>, Berlin: <nil> YOLO v3: <nil> PrivacyEnhancements: <nil> PrivacyPrecompile: <nil> EnableGasPriceBlock: <nil> Engine: unknown}"
INFO [10-05|06:10:28.479] Initialising Ethereum protocol           network=1337 dbversion=<nil>
INFO [10-05|06:10:28.479] Initialising Quorum consensus protocol   name=istanbul versions="[100 99 64]" network=1337 dbversion=<nil>
WARN [10-05|06:10:28.479] Upgrade blockchain database version      from=<nil> to=8
INFO [10-05|06:10:28.480] Using SegregatedCacheProvider. 
INFO [10-05|06:10:28.481] Loaded most recent local header          number=0 hash="7c1bf4…5de4c5" td=1 age=5y6mo3w
INFO [10-05|06:10:28.481] Loaded most recent local full block      number=0 hash="7c1bf4…5de4c5" td=1 age=5y6mo3w
INFO [10-05|06:10:28.481] Loaded most recent local fast block      number=0 hash="7c1bf4…5de4c5" td=1 age=5y6mo3w
WARN [10-05|06:10:28.481] Failed to load snapshot, regenerating    err="missing or corrupted snapshot"
INFO [10-05|06:10:28.482] Rebuilding state snapshot 
INFO [10-05|06:10:28.482] Deleted state snapshot leftovers         kind=accounts wiped=0 elapsed="122.36µs"
INFO [10-05|06:10:28.482] Wiper running, state snapshotting paused accounts=0 slots=0 storage=0.00B elapsed="626.6µs"
INFO [10-05|06:10:28.482] Regenerated local transaction journal    transactions=0 accounts=0
INFO [10-05|06:10:28.482] Deleted state snapshot leftovers         kind=storage  wiped=0 elapsed="28.284µs"
INFO [10-05|06:10:28.483] Compacting snapshot account area  
WARN [10-05|06:10:28.493] Error reading unclean shutdown markers   error="leveldb: not found"
WARN [10-05|06:10:28.494] permission-config.json file is missing. Smart-contract-based permission service will be disabled error="stat /data/permission-config.json: no such file or directory"
INFO [10-05|06:10:28.494] No plugins to initialise 
INFO [10-05|06:10:28.541] Compacting snapshot storage area  
INFO [10-05|06:10:28.573] Compacted snapshot area in database      elapsed=90.265ms
INFO [10-05|06:10:28.573] Resuming state snapshot generation       root="5833f2…29dde1" accounts=0 slots=0 storage=0.00B elapsed="18.302µs"
INFO [10-05|06:10:28.574] Generated state snapshot                 accounts=4 slots=0 storage=200.00B elapsed="621.277µs"
INFO [10-05|06:10:43.556] Looking for peers                        peercount=0 tried=0 static=2
INFO [10-05|06:10:58.567] Looking for peers                        peercount=0 tried=0 static=3
INFO [10-05|06:10:58.568] Started P2P networking                   self="enode://80665b6f31796b2ef333c66a7cefdc0910aaaedac8b71cbb58a0246d58d7696e032a665770f9edd0ee04b531aba0669f92c4505c6d0022394dace95dc6c342ad@127.0.0.1:30303?discport=0"
INFO [10-05|06:10:58.570] IPC endpoint opened                      url=/data/geth.ipc isMultitenant=false
INFO [10-05|06:10:58.570] Security Plugin is not enabled 
INFO [10-05|06:10:58.572] Security: TLS not enabled                endpoint=0.0.0.0:8545 reason="no TLSConfigurationSource found"
INFO [10-05|06:10:58.573] HTTP server started                      endpoint=[::]:8545    prefix= cors=* vhosts=* isTls=false
INFO [10-05|06:10:58.573] Security: TLS not enabled                endpoint=0.0.0.0:8546 reason="no TLSConfigurationSource found"
INFO [10-05|06:10:58.573] WebSocket enabled                        url=ws://[::]:8546
INFO [10-05|06:10:58.957] Unlocked account                         address=0x339A6E3a8D47882c5be9B0e901360649600d1868
WARN [10-05|06:10:58.957] permission-config.json file is missing. Smart-contract-based permission service will be disabled error="stat /data/permission-config.json: no such file or directory"
INFO [10-05|06:10:58.957] Transaction pool price threshold not updated as gasPrice is not enabled 
INFO [10-05|06:10:58.957] Transaction pool price threshold not updated as gasPrice is not enabled 
INFO [10-05|06:10:58.957] BFT: activate QBFT 
INFO [10-05|06:10:58.957] QBFT: start                              address=0x37C67d666B28165d6307F5445E95b7f444f5d237
INFO [10-05|06:10:58.957] QBFT: initialize new round               address=0x37C67d666B28165d6307F5445E95b7f444f5d237 old.round=-1 old.seq=0 target.round=0 lastProposal.number=0 lastProposal.hash="7c1bf4…5de4c5"
INFO [10-05|06:10:58.957] QBFT: start new round                    address=0x37C67d666B28165d6307F5445E95b7f444f5d237 old.round=-1 old.seq=0 next.round=0 next.seq=1 next.proposer=0x37C67d666B28165d6307F5445E95b7f444f5d237 next.valSet="[0x37C67d666B28165d6307F5445E95b7f444f5d237 0x90Cc2f9298b0DA38f90FC67F82E14B701CcE7497 0xa23f59698a77216B81C5a64e92F5bE920eB0178b 0xD8C7aB6f715c1085460a1dfAC2C030Ca34Ab7319]" next.size=4 next.IsProposer=true
INFO [10-05|06:10:58.957] Commit new mining work                   number=1 sealhash="19d668…509732" uncles=0 txs=0 gas=0 fees=0 elapsed="83.522µs"
INFO [10-05|06:10:58.957] QBFT: handle block proposal request      address=0x37C67d666B28165d6307F5445E95b7f444f5d237 current.round=0 current.sequence=1 state="Accept request"
INFO [10-05|06:11:16.667] Got interrupt, shutting down... 
INFO [10-05|06:11:16.670] HTTP server stopped                      endpoint=[::]:8545
INFO [10-05|06:11:16.671] HTTP server stopped                      endpoint=[::]:8546
INFO [10-05|06:11:16.671] IPC endpoint closed                      url=/data/geth.ipc
INFO [10-05|06:11:16.671] Stopping all plugins                     count=0
INFO [10-05|06:11:16.671] All plugins stopped                      errors=[]
INFO [10-05|06:11:16.671] Ethereum protocol stopped 
INFO [10-05|06:11:16.671] Transaction pool stopped 
INFO [10-05|06:11:16.671] BFT: deactivate 
INFO [10-05|06:11:16.671] QBFT: stopping...                        address=0x37C67d666B28165d6307F5445E95b7f444f5d237
INFO [10-05|06:11:16.671] QBFT: stopped                            address=0x37C67d666B28165d6307F5445E95b7f444f5d237
INFO [10-05|06:11:16.671] Writing snapshot state to disk           root="5833f2…29dde1"
INFO [10-05|06:11:16.671] Persisted trie from memory database      nodes=0 size=0.00B time="6.469µs" gcnodes=0 gcsize=0.00B gctime=0s livenodes=1 livesize=0.00B
INFO [10-05|06:11:16.671] Writing clean trie cache to disk         path=/data/geth/triecache threads=24
INFO [10-05|06:11:16.675] Persisted the clean trie cache           path=/data/geth/triecache elapsed=3.143ms
INFO [10-05|06:11:16.675] Blockchain stopped 
