INFO [10-06|03:37:26.206] Starting pprof server                    addr=http://0.0.0.0:9545/debug/pprof
INFO [10-06|03:37:26.219] Tessera API version: 5.0 
INFO [10-06|03:37:26.219] Target Private Tx Manager                name=Tessera distributionVersion=22.1.7
INFO [10-06|03:37:26.220] Maximum peer count                       ETH=50 LES=0 total=50
INFO [10-06|03:37:26.220] Smartcard socket not found, disabling    err="stat /run/pcscd/pcscd.comm: no such file or directory"
WARN [10-06|03:37:26.220] Found deprecated node list file /data/static-nodes.json, please use the TOML config file instead. 
INFO [10-06|03:37:26.221] Enabling recording of key preimages since archive mode is used 
INFO [10-06|03:37:26.221] Set global gas cap                       cap=25000000
WARN [10-06|03:37:26.227] Sanitizing invalid miner gas price       provided=0 updated=0
INFO [10-06|03:37:26.309] Opened ancient database                  database=/data/geth/chaindata/ancient readonly=false
INFO [10-06|03:37:26.309] Initialised chain configuration          config="{ChainID: 1337 Homestead: 0 DAO: <nil> DAOSupport: false EIP150: 0 EIP155: 0 EIP158: 0 Byzantium: 0 IsQuorum: true Constantinople: 0 TransactionSizeLimit: 64 MaxCodeSize: 0 Petersburg: <nil> Istanbul: <nil>, Muir Glacier: <nil>, Berlin: <nil> YOLO v3: <nil> PrivacyEnhancements: <nil> PrivacyPrecompile: <nil> EnableGasPriceBlock: <nil> Engine: unknown}"
INFO [10-06|03:37:26.310] Initialising Ethereum protocol           network=1337 dbversion=<nil>
INFO [10-06|03:37:26.310] Initialising Quorum consensus protocol   name=istanbul versions="[100 99 64]" network=1337 dbversion=<nil>
WARN [10-06|03:37:26.310] Upgrade blockchain database version      from=<nil> to=8
INFO [10-06|03:37:26.310] Using SegregatedCacheProvider. 
INFO [10-06|03:37:26.310] Loaded most recent local header          number=0 hash="7c1bf4…5de4c5" td=1 age=5y6mo3w
INFO [10-06|03:37:26.310] Loaded most recent local full block      number=0 hash="7c1bf4…5de4c5" td=1 age=5y6mo3w
INFO [10-06|03:37:26.310] Loaded most recent local fast block      number=0 hash="7c1bf4…5de4c5" td=1 age=5y6mo3w
WARN [10-06|03:37:26.310] Failed to load snapshot, regenerating    err="missing or corrupted snapshot"
INFO [10-06|03:37:26.310] Rebuilding state snapshot 
INFO [10-06|03:37:26.310] Regenerated local transaction journal    transactions=0 accounts=0
INFO [10-06|03:37:26.310] Deleted state snapshot leftovers         kind=accounts wiped=0 elapsed="27.492µs"
INFO [10-06|03:37:26.310] Deleted state snapshot leftovers         kind=storage  wiped=0 elapsed="7.096µs"
WARN [10-06|03:37:26.313] Error reading unclean shutdown markers   error="leveldb: not found"
INFO [10-06|03:37:26.391] Compacted snapshot area in database      elapsed=80.602ms
INFO [10-06|03:37:26.391] Resuming state snapshot generation       root="5833f2…29dde1" accounts=0 slots=0 storage=0.00B elapsed="5.262µs"
INFO [10-06|03:37:26.732] Unlocked account                         address=0x43f18d5aCfAF81a866082b9c68a785154d56b16c
WARN [10-06|03:37:26.732] permission-config.json file is missing. Smart-contract-based permission service will be disabled error="stat /data/permission-config.json: no such file or directory"
INFO [10-06|03:37:26.732] Transaction pool price threshold not updated as gasPrice is not enabled 
INFO [10-06|03:37:26.732] Transaction pool price threshold not updated as gasPrice is not enabled 
INFO [10-06|03:37:26.732] BFT: activate QBFT 
INFO [10-06|03:37:26.732] QBFT: start                              address=0xa23f59698a77216B81C5a64e92F5bE920eB0178b
INFO [10-06|03:37:26.732] QBFT: initialize new round               address=0xa23f59698a77216B81C5a64e92F5bE920eB0178b old.round=-1 old.seq=0 target.round=0 lastProposal.number=0 lastProposal.hash="7c1bf4…5de4c5"
INFO [10-06|03:37:26.732] QBFT: start new round                    address=0xa23f59698a77216B81C5a64e92F5bE920eB0178b old.round=-1 old.seq=0 next.round=0 next.seq=1 next.proposer=0x37C67d666B28165d6307F5445E95b7f444f5d237 next.valSet="[0x37C67d666B28165d6307F5445E95b7f444f5d237 0x90Cc2f9298b0DA38f90FC67F82E14B701CcE7497 0xa23f59698a77216B81C5a64e92F5bE920eB0178b 0xD8C7aB6f715c1085460a1dfAC2C030Ca34Ab7319]" next.size=4 next.IsProposer=false
INFO [10-06|03:37:26.732] Commit new mining work                   number=1 sealhash="ea22b3…c3a15c" uncles=0 txs=0 gas=0 fees=0 elapsed="84.661µs"
INFO [10-06|03:37:26.732] QBFT: handle block proposal request      address=0xa23f59698a77216B81C5a64e92F5bE920eB0178b current.round=0 current.sequence=1 state="Accept request"
WARN [10-06|03:37:27.165] full p2p peer                            id=6aac1fe7e5de302ff0bf880e90cc2f9298b0da38f90fc67f82e14b701cce7497 ethPeer="Peer 6aac1fe7e5de302f 172.26.0.9:49636"
WARN [10-06|03:37:27.340] full p2p peer                            id=30afa3a9d2ccf8e8a8da3dbbd8c7ab6f715c1085460a1dfac2c030ca34ab7319 ethPeer="Peer 30afa3a9d2ccf8e8 172.26.0.11:49510"
INFO [10-06|03:38:01.368] Looking for peers                        peercount=2 tried=3 static=4
WARN [10-06|03:38:31.733] QBFT: TIMER CHANGING ROUND               address=0xa23f59698a77216B81C5a64e92F5bE920eB0178b current.round=0 current.sequence=1 state="Accept request" pr=<nil>
INFO [10-06|03:38:31.733] QBFT: initialize new round               address=0xa23f59698a77216B81C5a64e92F5bE920eB0178b current.round=0 current.sequence=1 target.round=1 lastProposal.number=0 lastProposal.hash="7c1bf4…5de4c5"
INFO [10-06|03:38:31.733] QBFT: start new round                    address=0xa23f59698a77216B81C5a64e92F5bE920eB0178b old.round=0  old.sequence=1 old.state="Accept request" old.proposer=0x37C67d666B28165d6307F5445E95b7f444f5d237 next.round=1 next.seq=1 next.proposer=0x90Cc2f9298b0DA38f90FC67F82E14B701CcE7497 next.valSet="[0x37C67d666B28165d6307F5445E95b7f444f5d237 0x90Cc2f9298b0DA38f90FC67F82E14B701CcE7497 0xa23f59698a77216B81C5a64e92F5bE920eB0178b 0xD8C7aB6f715c1085460a1dfAC2C030Ca34Ab7319]" next.size=4 next.IsProposer=false
WARN [10-06|03:38:31.733] QBFT: TIMER CHANGED ROUND                address=0xa23f59698a77216B81C5a64e92F5bE920eB0178b current.round=0 current.sequence=1 state="Accept request" pr=<nil>
INFO [10-06|03:38:31.733] QBFT: broadcast ROUND-CHANGE message     address=0xa23f59698a77216B81C5a64e92F5bE920eB0178b current.round=1 current.sequence=1 state="Accept request" msg.code=21 msg.source=0x0000000000000000000000000000000000000000 msg.round=1 msg.sequence=1 payload=0xf84bf847c30101c0b841e05355c291afa6d13c5f278c9c3170370b0376c51688f6443e2dbf9065e406cc23bcff9202201a0e275046df0d20296a138dc3b1e200277a82bcd6e0058cfe3f00c0c0
INFO [10-06|03:38:31.734] QBFT: handle ROUND-CHANGE message        address=0xa23f59698a77216B81C5a64e92F5bE920eB0178b current.round=1 current.sequence=1 state="Accept request" msg.code=21 msg.source=0xa23f59698a77216B81C5a64e92F5bE920eB0178b msg.round=1 msg.sequence=1 higherRoundChanges.count=0 currentRoundChanges.count=0
INFO [10-06|03:38:32.534] QBFT: handle ROUND-CHANGE message        address=0xa23f59698a77216B81C5a64e92F5bE920eB0178b current.round=1 current.sequence=1 state="Accept request" msg.code=21 msg.source=0x90Cc2f9298b0DA38f90FC67F82E14B701CcE7497 msg.round=1 msg.sequence=1 higherRoundChanges.count=0 currentRoundChanges.count=1
INFO [10-06|03:38:32.535] QBFT: handle ROUND-CHANGE message        address=0xa23f59698a77216B81C5a64e92F5bE920eB0178b current.round=1 current.sequence=1 state="Accept request" msg.code=21 msg.source=0xD8C7aB6f715c1085460a1dfAC2C030Ca34Ab7319 msg.round=1 msg.sequence=1 higherRoundChanges.count=0 currentRoundChanges.count=2
INFO [10-06|03:38:32.537] QBFT: Correctly decoded SignedRoundChangePayload p="RoundChange {seq=1, round=1, pr=<nil>, pv=0x0000000000000000000000000000000000000000000000000000000000000000}"
INFO [10-06|03:38:32.537] QBFT: Correctly decoded SignedRoundChangePayload p="RoundChange {seq=1, round=1, pr=<nil>, pv=0x0000000000000000000000000000000000000000000000000000000000000000}"
INFO [10-06|03:38:32.537] QBFT: Correctly decoded SignedRoundChangePayload p="RoundChange {seq=1, round=1, pr=<nil>, pv=0x0000000000000000000000000000000000000000000000000000000000000000}"
ERROR[10-06|03:38:32.537] QBFT: Error List() Signed Payload        err="rlp: end of list"
INFO [10-06|03:38:32.538] QBFT: handle PRE-PREPARE message         address=0xa23f59698a77216B81C5a64e92F5bE920eB0178b
INFO [10-06|03:38:32.538] QBFT: accepted PRE-PREPARE message       address=0xa23f59698a77216B81C5a64e92F5bE920eB0178b
INFO [10-06|03:38:32.538] QBFT: changed state                      address=0xa23f59698a77216B81C5a64e92F5bE920eB0178b current.round=1 current.sequence=1 old.state="Accept request" new.state=Preprepared
INFO [10-06|03:38:32.539] QBFT: broadcast PREPARE message          address=0xa23f59698a77216B81C5a64e92F5bE920eB0178b current.round=1 current.sequence=1 state=Preprepared      msg.code=19 msg.source=0xa23f59698a77216B81C5a64e92F5bE920eB0178b msg.round=1 msg.sequence=1 payload=0xf867e30101a0c08abcaed985ce9658434ee9535c079e038323806c1bb63d632cbf99c16a68d7b8415028e6d640c703dd5503f10e82b9faee0a9981d66b5e179e0cce0defc5dc29b4406c50d900fea6fb4e5f46ab0c7bec1f99d1687ff3be7b72d5d4cda40a604d4300
INFO [10-06|03:38:32.539] QBFT: handle PREPARE message             address=0xa23f59698a77216B81C5a64e92F5bE920eB0178b current.round=1 current.sequence=1 state=Preprepared      msg.code=19 msg.source=0x90Cc2f9298b0DA38f90FC67F82E14B701CcE7497 msg.round=1 msg.sequence=1 prepares.count=0 quorum=3
INFO [10-06|03:38:32.540] QBFT: handle PREPARE message             address=0xa23f59698a77216B81C5a64e92F5bE920eB0178b current.round=1 current.sequence=1 state=Preprepared      msg.code=19 msg.source=0xD8C7aB6f715c1085460a1dfAC2C030Ca34Ab7319 msg.round=1 msg.sequence=1 prepares.count=1 quorum=3
INFO [10-06|03:38:32.540] QBFT: handle PREPARE message             address=0xa23f59698a77216B81C5a64e92F5bE920eB0178b current.round=1 current.sequence=1 state=Preprepared      msg.code=19 msg.source=0xa23f59698a77216B81C5a64e92F5bE920eB0178b msg.round=1 msg.sequence=1 prepares.count=2 quorum=3
INFO [10-06|03:38:32.540] QBFT: changed state                      address=0xa23f59698a77216B81C5a64e92F5bE920eB0178b current.round=1 current.sequence=1 old.state=Preprepared      new.state=Prepared
INFO [10-06|03:38:32.541] QBFT: broadcast COMMIT message           address=0xa23f59698a77216B81C5a64e92F5bE920eB0178b current.round=1 current.sequence=1 state=Prepared         msg.code=20 msg.source=0xa23f59698a77216B81C5a64e92F5bE920eB0178b msg.round=1 msg.sequence=1 payload=0xf8abf8660101a0c08abcaed985ce9658434ee9535c079e038323806c1bb63d632cbf99c16a68d7b84167d05789cd855e43d6ace522045d23349c9b24fefce00cee7bf46dcc46f8db70601a585dad27b66ccc397a9a899c6600bcc9a3be3ffb25fcfae7898fb713106e01b8419231af7ef1aa5a0cf64bb830f3cdb518f05f47d75dea320d6e2651fdf6f221066afa82f66bd0d4ff99b00d810d9ed49c50a227b58aec054ef1602e6646f8ccbc00
INFO [10-06|03:38:32.542] QBFT: handle COMMIT message              address=0xa23f59698a77216B81C5a64e92F5bE920eB0178b current.round=1 current.sequence=1 state=Prepared         msg.code=20 msg.source=0x90Cc2f9298b0DA38f90FC67F82E14B701CcE7497 msg.round=1 msg.sequence=1 commits.count=0 quorum=3
INFO [10-06|03:38:32.542] QBFT: handle COMMIT message              address=0xa23f59698a77216B81C5a64e92F5bE920eB0178b current.round=1 current.sequence=1 state=Prepared         msg.code=20 msg.source=0xa23f59698a77216B81C5a64e92F5bE920eB0178b msg.round=1 msg.sequence=1 commits.count=1 quorum=3
INFO [10-06|03:38:32.543] QBFT: handle COMMIT message              address=0xa23f59698a77216B81C5a64e92F5bE920eB0178b current.round=1 current.sequence=1 state=Prepared         msg.code=20 msg.source=0xD8C7aB6f715c1085460a1dfAC2C030Ca34Ab7319 msg.round=1 msg.sequence=1 commits.count=2 quorum=3
INFO [10-06|03:38:32.543] QBFT: received quorum of COMMIT messages address=0xa23f59698a77216B81C5a64e92F5bE920eB0178b current.round=1 current.sequence=1 state=Prepared         msg.code=20 msg.source=0xD8C7aB6f715c1085460a1dfAC2C030Ca34Ab7319 msg.round=1 msg.sequence=1 commits.count=3 quorum=3
INFO [10-06|03:38:32.543] BFT: block proposal committed            author=0xa23f59698a77216B81C5a64e92F5bE920eB0178b hash="c08abc…6a68d7" number=1
INFO [10-06|03:38:32.544] Imported new chain segment               blocks=1 txs=0 mgas=0.000 elapsed="278.699µs" mgasps=0.000 number=1 hash="c08abc…6a68d7" age=1m5s    dirty=0.00B
INFO [10-06|03:38:32.544] QBFT: handle final committed             address=0xa23f59698a77216B81C5a64e92F5bE920eB0178b current.round=1 current.sequence=1 state=Committed
INFO [10-06|03:38:32.544] QBFT: initialize new round               address=0xa23f59698a77216B81C5a64e92F5bE920eB0178b current.round=1 current.sequence=1 target.round=0 lastProposal.number=1 lastProposal.hash="c08abc…6a68d7"
INFO [10-06|03:38:32.544] Commit new mining work                   number=2 sealhash="bb20b6…f9c100" uncles=0 txs=0 gas=0 fees=0 elapsed="135.29µs"
INFO [10-06|03:38:32.544] QBFT: changed state                      address=0xa23f59698a77216B81C5a64e92F5bE920eB0178b current.round=0 current.sequence=2 old.state=Committed        new.state="Accept request"
INFO [10-06|03:38:32.544] QBFT: start new round                    address=0xa23f59698a77216B81C5a64e92F5bE920eB0178b old.round=1  old.sequence=1 old.state=Committed        old.proposer=0x90Cc2f9298b0DA38f90FC67F82E14B701CcE7497 next.round=0 next.seq=2 next.proposer=0xa23f59698a77216B81C5a64e92F5bE920eB0178b next.valSet="[0x37C67d666B28165d6307F5445E95b7f444f5d237 0x90Cc2f9298b0DA38f90FC67F82E14B701CcE7497 0xa23f59698a77216B81C5a64e92F5bE920eB0178b 0xD8C7aB6f715c1085460a1dfAC2C030Ca34Ab7319]" next.size=4 next.IsProposer=true
INFO [10-06|03:38:32.544] QBFT: handle block proposal request      address=0xa23f59698a77216B81C5a64e92F5bE920eB0178b current.round=0 current.sequence=2 state="Accept request"
INFO [10-06|03:38:36.370] Looking for peers                        peercount=2 tried=1 static=4
INFO [10-06|03:39:01.355] Got interrupt, shutting down... 
INFO [10-06|03:39:01.356] HTTP server stopped                      endpoint=[::]:8545
INFO [10-06|03:39:01.357] HTTP server stopped                      endpoint=[::]:8546
INFO [10-06|03:39:01.357] IPC endpoint closed                      url=/live/node2-geth.ipc
INFO [10-06|03:39:01.357] Stopping all plugins                     count=0
INFO [10-06|03:39:01.358] All plugins stopped                      errors=[]
ERROR[10-06|03:39:01.358] Contract extension watcher subscription error error=EOF
INFO [10-06|03:39:01.358] extension service: stopping 
INFO [10-06|03:39:01.358] extension service: stopped 
INFO [10-06|03:39:01.358] Ethereum protocol stopped 
INFO [10-06|03:39:01.358] Transaction pool stopped 
INFO [10-06|03:39:01.358] BFT: deactivate 
INFO [10-06|03:39:01.358] QBFT: stopping...                        address=0xa23f59698a77216B81C5a64e92F5bE920eB0178b
INFO [10-06|03:39:01.358] QBFT: stopped                            address=0xa23f59698a77216B81C5a64e92F5bE920eB0178b
INFO [10-06|03:39:01.358] Writing cached state to disk             block=1 hash="c08abc…6a68d7" root="5833f2…29dde1"
INFO [10-06|03:39:01.358] Persisted trie from memory database      nodes=0 size=0.00B time="3.019µs" gcnodes=0 gcsize=0.00B gctime=0s livenodes=1 livesize=0.00B
INFO [10-06|03:39:01.358] Writing snapshot state to disk           root="5833f2…29dde1"
INFO [10-06|03:39:01.358] Persisted trie from memory database      nodes=0 size=0.00B time=525ns     gcnodes=0 gcsize=0.00B gctime=0s livenodes=1 livesize=0.00B
INFO [10-06|03:39:01.358] Writing clean trie cache to disk         path=/data/geth/triecache threads=24
INFO [10-06|03:39:01.359] Looking for peers                        peercount=1 tried=1 static=4
INFO [10-06|03:39:01.360] Persisted the clean trie cache           path=/data/geth/triecache elapsed=1.737ms
INFO [10-06|03:39:01.360] Blockchain stopped 
