INFO [10-06|03:39:29.936] Starting pprof server                    addr=http://0.0.0.0:9545/debug/pprof
INFO [10-06|03:39:29.955] Tessera API version: 5.0 
INFO [10-06|03:39:29.955] Target Private Tx Manager                name=Tessera distributionVersion=22.1.7
INFO [10-06|03:39:29.956] Maximum peer count                       ETH=50 LES=0 total=50
WARN [10-06|03:39:29.956] Found deprecated node list file /data/static-nodes.json, please use the TOML config file instead. 
INFO [10-06|03:39:29.957] Enabling recording of key preimages since archive mode is used 
INFO [10-06|03:39:29.957] Set global gas cap                       cap=25000000
INFO [10-06|03:39:29.957] Connecting to private tx manager using HTTP 
INFO [10-06|03:39:29.965] Tessera API version: 5.0 
INFO [10-06|03:39:29.965] Target Private Tx Manager                name=Tessera distributionVersion=22.1.7
WARN [10-06|03:39:29.965] Sanitizing invalid miner gas price       provided=0 updated=0
INFO [10-06|03:39:29.965] Allocated trie memory caches             clean=154.00MiB dirty=256.00MiB
INFO [10-06|03:39:29.965] Allocated cache and file handles         database=/data/geth/chaindata cache=768.00MiB handles=524288
INFO [10-06|03:39:30.042] Opened ancient database                  database=/data/geth/chaindata/ancient readonly=false
INFO [10-06|03:39:30.043] Initialised chain configuration          config="{ChainID: 1337 Homestead: 0 DAO: <nil> DAOSupport: false EIP150: 0 EIP155: 0 EIP158: 0 Byzantium: 0 IsQuorum: true Constantinople: 0 TransactionSizeLimit: 64 MaxCodeSize: 0 Petersburg: <nil> Istanbul: <nil>, Muir Glacier: <nil>, Berlin: <nil> YOLO v3: <nil> PrivacyEnhancements: <nil> PrivacyPrecompile: <nil> EnableGasPriceBlock: <nil> Engine: unknown}"
INFO [10-06|03:39:30.043] Initialising Ethereum protocol           network=1337 dbversion=<nil>
INFO [10-06|03:39:30.043] Initialising Quorum consensus protocol   name=istanbul versions="[100 99 64]" network=1337 dbversion=<nil>
WARN [10-06|03:39:30.043] Upgrade blockchain database version      from=<nil> to=8
INFO [10-06|03:39:30.043] Using SegregatedCacheProvider. 
INFO [10-06|03:39:30.044] Loaded most recent local fast block      number=0 hash="7c1bf4…5de4c5" td=1 age=5y6mo3w
INFO [10-06|03:39:30.044] Rebuilding state snapshot 
INFO [10-06|03:39:30.044] Deleted state snapshot leftovers         kind=accounts wiped=0 elapsed="21.483µs"
INFO [10-06|03:39:30.044] Deleted state snapshot leftovers         kind=storage  wiped=0 elapsed="4.251µs"
INFO [10-06|03:39:30.044] Compacting snapshot account area  
INFO [10-06|03:39:30.044] Wiper running, state snapshotting paused accounts=0 slots=0 storage=0.00B elapsed="162.125µs"
INFO [10-06|03:39:30.044] Regenerated local transaction journal    transactions=0 accounts=0
WARN [10-06|03:39:30.070] Error reading unclean shutdown markers   error="leveldb: not found"
WARN [10-06|03:39:30.070] permission-config.json file is missing. Smart-contract-based permission service will be disabled error="stat /data/permission-config.json: no such file or directory"
INFO [10-06|03:39:30.070] No plugins to initialise 
INFO [10-06|03:39:30.070] Starting peer-to-peer node               instance=Geth/node2/v1.10.2-stable-e5b930e8(quorum-v22.7.0)/linux-amd64/go1.16.15
INFO [10-06|03:39:30.125] IPC endpoint opened                      url=/live/node2-geth.ipc isMultitenant=false
INFO [10-06|03:39:30.125] Security: TLS not enabled                endpoint=0.0.0.0:8545 reason="no TLSConfigurationSource found"
INFO [10-06|03:39:30.125] HTTP server started                      endpoint=[::]:8545    prefix= cors=* vhosts=* isTls=false
INFO [10-06|03:39:30.125] Security: TLS not enabled                endpoint=0.0.0.0:8546 reason="no TLSConfigurationSource found"
INFO [10-06|03:39:30.125] WebSocket enabled                        url=ws://[::]:8546
INFO [10-06|03:39:30.156] Compacted snapshot area in database      elapsed=112.032ms
INFO [10-06|03:39:30.156] Resuming state snapshot generation       root="5833f2…29dde1" accounts=0 slots=0 storage=0.00B elapsed="10.337µs"
INFO [10-06|03:39:30.156] Generated state snapshot                 accounts=4 slots=0 storage=200.00B elapsed="284.634µs"
INFO [10-06|03:39:30.518] Unlocked account                         address=0x43f18d5aCfAF81a866082b9c68a785154d56b16c
WARN [10-06|03:39:30.519] permission-config.json file is missing. Smart-contract-based permission service will be disabled error="stat /data/permission-config.json: no such file or directory"
INFO [10-06|03:39:30.519] BFT: activate QBFT 
INFO [10-06|03:39:30.519] QBFT: start                              address=0xa23f59698a77216B81C5a64e92F5bE920eB0178b
INFO [10-06|03:39:30.519] QBFT: initialize new round               address=0xa23f59698a77216B81C5a64e92F5bE920eB0178b old.round=-1 old.seq=0 target.round=0 lastProposal.number=0 lastProposal.hash="7c1bf4…5de4c5"
INFO [10-06|03:39:30.519] QBFT: start new round                    address=0xa23f59698a77216B81C5a64e92F5bE920eB0178b old.round=-1 old.seq=0 next.round=0 next.seq=1 next.proposer=0x37C67d666B28165d6307F5445E95b7f444f5d237 next.valSet="[0x37C67d666B28165d6307F5445E95b7f444f5d237 0x90Cc2f9298b0DA38f90FC67F82E14B701CcE7497 0xa23f59698a77216B81C5a64e92F5bE920eB0178b 0xD8C7aB6f715c1085460a1dfAC2C030Ca34Ab7319]" next.size=4 next.IsProposer=false
INFO [10-06|03:39:30.519] Commit new mining work                   number=1 sealhash="054575…3904ed" uncles=0 txs=0 gas=0 fees=0 elapsed="90.088µs"
INFO [10-06|03:39:30.519] QBFT: handle block proposal request      address=0xa23f59698a77216B81C5a64e92F5bE920eB0178b current.round=0 current.sequence=1 state="Accept request"
WARN [10-06|03:39:31.605] full p2p peer                            id=30afa3a9d2ccf8e8a8da3dbbd8c7ab6f715c1085460a1dfac2c030ca34ab7319 ethPeer="Peer 30afa3a9d2ccf8e8 172.26.0.9:52860"
WARN [10-06|03:39:31.773] full p2p peer                            id=6aac1fe7e5de302ff0bf880e90cc2f9298b0da38f90fc67f82e14b701cce7497 ethPeer="Peer 6aac1fe7e5de302f 172.26.0.5:48544"
INFO [10-06|03:40:05.127] Looking for peers                        peercount=2 tried=3 static=4
WARN [10-06|03:40:35.520] QBFT: TIMER CHANGING ROUND               address=0xa23f59698a77216B81C5a64e92F5bE920eB0178b current.round=0 current.sequence=1 state="Accept request" pr=<nil>
INFO [10-06|03:40:35.520] QBFT: initialize new round               address=0xa23f59698a77216B81C5a64e92F5bE920eB0178b current.round=0 current.sequence=1 target.round=1 lastProposal.number=0 lastProposal.hash="7c1bf4…5de4c5"
INFO [10-06|03:40:35.520] QBFT: start new round                    address=0xa23f59698a77216B81C5a64e92F5bE920eB0178b old.round=0  old.sequence=1 old.state="Accept request" old.proposer=0x37C67d666B28165d6307F5445E95b7f444f5d237 next.round=1 next.seq=1 next.proposer=0x90Cc2f9298b0DA38f90FC67F82E14B701CcE7497 next.valSet="[0x37C67d666B28165d6307F5445E95b7f444f5d237 0x90Cc2f9298b0DA38f90FC67F82E14B701CcE7497 0xa23f59698a77216B81C5a64e92F5bE920eB0178b 0xD8C7aB6f715c1085460a1dfAC2C030Ca34Ab7319]" next.size=4 next.IsProposer=false
WARN [10-06|03:40:35.520] QBFT: TIMER CHANGED ROUND                address=0xa23f59698a77216B81C5a64e92F5bE920eB0178b current.round=0 current.sequence=1 state="Accept request" pr=<nil>
INFO [10-06|03:40:35.521] QBFT: broadcast ROUND-CHANGE message     address=0xa23f59698a77216B81C5a64e92F5bE920eB0178b current.round=1 current.sequence=1 state="Accept request" msg.code=21 msg.source=0x0000000000000000000000000000000000000000 msg.round=1 msg.sequence=1 payload=0xf84bf847c30101c0b841e05355c291afa6d13c5f278c9c3170370b0376c51688f6443e2dbf9065e406cc23bcff9202201a0e275046df0d20296a138dc3b1e200277a82bcd6e0058cfe3f00c0c0
INFO [10-06|03:40:35.521] QBFT: handle ROUND-CHANGE message        address=0xa23f59698a77216B81C5a64e92F5bE920eB0178b current.round=1 current.sequence=1 state="Accept request" msg.code=21 msg.source=0xa23f59698a77216B81C5a64e92F5bE920eB0178b msg.round=1 msg.sequence=1 higherRoundChanges.count=0 currentRoundChanges.count=0
INFO [10-06|03:40:36.978] QBFT: handle ROUND-CHANGE message        address=0xa23f59698a77216B81C5a64e92F5bE920eB0178b current.round=1 current.sequence=1 state="Accept request" msg.code=21 msg.source=0xD8C7aB6f715c1085460a1dfAC2C030Ca34Ab7319 msg.round=1 msg.sequence=1 higherRoundChanges.count=0 currentRoundChanges.count=1
INFO [10-06|03:40:36.980] QBFT: handle ROUND-CHANGE message        address=0xa23f59698a77216B81C5a64e92F5bE920eB0178b current.round=1 current.sequence=1 state="Accept request" msg.code=21 msg.source=0x90Cc2f9298b0DA38f90FC67F82E14B701CcE7497 msg.round=1 msg.sequence=1 higherRoundChanges.count=0 currentRoundChanges.count=2
INFO [10-06|03:40:36.981] QBFT: Correctly decoded SignedRoundChangePayload p="RoundChange {seq=1, round=1, pr=<nil>, pv=0x0000000000000000000000000000000000000000000000000000000000000000}"
INFO [10-06|03:40:36.982] QBFT: Correctly decoded SignedRoundChangePayload p="RoundChange {seq=1, round=1, pr=<nil>, pv=0x0000000000000000000000000000000000000000000000000000000000000000}"
ERROR[10-06|03:40:36.982] QBFT: Error List() Signed Payload        err="rlp: end of list"
INFO [10-06|03:40:36.983] QBFT: handle PRE-PREPARE message         address=0xa23f59698a77216B81C5a64e92F5bE920eB0178b
INFO [10-06|03:40:36.983] QBFT: accepted PRE-PREPARE message       address=0xa23f59698a77216B81C5a64e92F5bE920eB0178b
INFO [10-06|03:40:36.984] QBFT: broadcast PREPARE message          address=0xa23f59698a77216B81C5a64e92F5bE920eB0178b current.round=1 current.sequence=1 state=Preprepared      msg.code=19 msg.source=0xa23f59698a77216B81C5a64e92F5bE920eB0178b msg.round=1 msg.sequence=1 payload=0xf867e30101a07aecdea9c1c384ec85f2042a9b71c6be888d71cf264d2a79e963338b1c9ea9bab8412874eb3e42d539799cde1a533e48da7ed5a5c422a2c16b336ab287e7b898f1b821a9f3104a9ee508896839d7623eca49aecb24557bba9b12d49b316a9cbae6cd00
INFO [10-06|03:40:36.984] QBFT: handle PREPARE message             address=0xa23f59698a77216B81C5a64e92F5bE920eB0178b current.round=1 current.sequence=1 state=Preprepared      msg.code=19 msg.source=0xa23f59698a77216B81C5a64e92F5bE920eB0178b msg.round=1 msg.sequence=1 prepares.count=0 quorum=3
INFO [10-06|03:40:36.985] QBFT: handle PREPARE message             address=0xa23f59698a77216B81C5a64e92F5bE920eB0178b current.round=1 current.sequence=1 state=Preprepared      msg.code=19 msg.source=0x90Cc2f9298b0DA38f90FC67F82E14B701CcE7497 msg.round=1 msg.sequence=1 prepares.count=1 quorum=3
INFO [10-06|03:40:36.986] QBFT: handle PREPARE message             address=0xa23f59698a77216B81C5a64e92F5bE920eB0178b current.round=1 current.sequence=1 state=Preprepared      msg.code=19 msg.source=0xD8C7aB6f715c1085460a1dfAC2C030Ca34Ab7319 msg.round=1 msg.sequence=1 prepares.count=2 quorum=3
INFO [10-06|03:40:36.986] QBFT: broadcast COMMIT message           address=0xa23f59698a77216B81C5a64e92F5bE920eB0178b current.round=1 current.sequence=1 state=Prepared         msg.code=20 msg.source=0xa23f59698a77216B81C5a64e92F5bE920eB0178b msg.round=1 msg.sequence=1 payload=0xf8abf8660101a07aecdea9c1c384ec85f2042a9b71c6be888d71cf264d2a79e963338b1c9ea9bab8418ee5fadd5a05883dd65e964e313235903860e58b1df739e261a66b517804906f63aa01052ee5a65d79bf42bf35711b9f4bfe155be4145653ae0fd8a5b939b4fa00b84194f75f37e2e53abfa507de2664941355445bedff8ab89a3fbb91a79fb5784d246409ad4b27da10bf634867aaa2592993f276f12b658870c55cc3742b6d777ad301
INFO [10-06|03:40:36.986] QBFT: handle COMMIT message              address=0xa23f59698a77216B81C5a64e92F5bE920eB0178b current.round=1 current.sequence=1 state=Prepared         msg.code=20 msg.source=0xa23f59698a77216B81C5a64e92F5bE920eB0178b msg.round=1 msg.sequence=1 commits.count=0 quorum=3
INFO [10-06|03:40:36.986] QBFT: handle COMMIT message              address=0xa23f59698a77216B81C5a64e92F5bE920eB0178b current.round=1 current.sequence=1 state=Prepared         msg.code=20 msg.source=0xD8C7aB6f715c1085460a1dfAC2C030Ca34Ab7319 msg.round=1 msg.sequence=1 commits.count=1 quorum=3
INFO [10-06|03:40:36.987] QBFT: handle COMMIT message              address=0xa23f59698a77216B81C5a64e92F5bE920eB0178b current.round=1 current.sequence=1 state=Prepared         msg.code=20 msg.source=0x90Cc2f9298b0DA38f90FC67F82E14B701CcE7497 msg.round=1 msg.sequence=1 commits.count=2 quorum=3
INFO [10-06|03:40:36.987] QBFT: received quorum of COMMIT messages address=0xa23f59698a77216B81C5a64e92F5bE920eB0178b current.round=1 current.sequence=1 state=Prepared         msg.code=20 msg.source=0x90Cc2f9298b0DA38f90FC67F82E14B701CcE7497 msg.round=1 msg.sequence=1 commits.count=3 quorum=3
INFO [10-06|03:40:36.987] QBFT: changed state                      address=0xa23f59698a77216B81C5a64e92F5bE920eB0178b current.round=1 current.sequence=1 old.state=Prepared         new.state=Committed
INFO [10-06|03:40:36.987] BFT: block proposal committed            author=0xa23f59698a77216B81C5a64e92F5bE920eB0178b hash="7aecde…9ea9ba" number=1
INFO [10-06|03:40:36.987] Imported new chain segment               blocks=1 txs=0 mgas=0.000 elapsed="322.273µs" mgasps=0.000 number=1 hash="7aecde…9ea9ba" age=1m4s    dirty=0.00B
INFO [10-06|03:40:36.987] QBFT: handle final committed             address=0xa23f59698a77216B81C5a64e92F5bE920eB0178b current.round=1 current.sequence=1 state=Committed
INFO [10-06|03:40:36.987] QBFT: initialize new round               address=0xa23f59698a77216B81C5a64e92F5bE920eB0178b current.round=1 current.sequence=1 target.round=0 lastProposal.number=1 lastProposal.hash="7aecde…9ea9ba"
INFO [10-06|03:40:36.987] QBFT: changed state                      address=0xa23f59698a77216B81C5a64e92F5bE920eB0178b current.round=0 current.sequence=2 old.state=Committed        new.state="Accept request"
INFO [10-06|03:40:36.987] QBFT: start new round                    address=0xa23f59698a77216B81C5a64e92F5bE920eB0178b old.round=1  old.sequence=1 old.state=Committed        old.proposer=0x90Cc2f9298b0DA38f90FC67F82E14B701CcE7497 next.round=0 next.seq=2 next.proposer=0xa23f59698a77216B81C5a64e92F5bE920eB0178b next.valSet="[0x37C67d666B28165d6307F5445E95b7f444f5d237 0x90Cc2f9298b0DA38f90FC67F82E14B701CcE7497 0xa23f59698a77216B81C5a64e92F5bE920eB0178b 0xD8C7aB6f715c1085460a1dfAC2C030Ca34Ab7319]" next.size=4 next.IsProposer=true
INFO [10-06|03:40:36.987] Commit new mining work                   number=2 sealhash="16e1be…99a82f" uncles=0 txs=0 gas=0 fees=0 elapsed="165.703µs"
INFO [10-06|03:40:36.987] QBFT: handle block proposal request      address=0xa23f59698a77216B81C5a64e92F5bE920eB0178b current.round=0 current.sequence=2 state="Accept request"
INFO [10-06|03:40:40.128] Looking for peers                        peercount=2 tried=1 static=4
INFO [10-06|03:41:15.130] Looking for peers                        peercount=2 tried=1 static=4
INFO [10-06|03:41:18.617] Got interrupt, shutting down... 
INFO [10-06|03:41:18.620] HTTP server stopped                      endpoint=[::]:8546
INFO [10-06|03:41:18.621] IPC endpoint closed                      url=/live/node2-geth.ipc
INFO [10-06|03:41:18.621] Stopping all plugins                     count=0
INFO [10-06|03:41:18.621] All plugins stopped                      errors=[]
INFO [10-06|03:41:18.621] extension service: stopping 
INFO [10-06|03:41:18.621] extension service: stopped 
INFO [10-06|03:41:18.621] Ethereum protocol stopped 
INFO [10-06|03:41:18.622] Transaction pool stopped 
INFO [10-06|03:41:18.622] BFT: deactivate 
INFO [10-06|03:41:18.622] QBFT: stopping...                        address=0xa23f59698a77216B81C5a64e92F5bE920eB0178b
INFO [10-06|03:41:18.622] QBFT: stopped                            address=0xa23f59698a77216B81C5a64e92F5bE920eB0178b
INFO [10-06|03:41:18.622] Writing cached state to disk             block=1 hash="7aecde…9ea9ba" root="5833f2…29dde1"
INFO [10-06|03:41:18.622] Persisted trie from memory database      nodes=0 size=0.00B time="13.143µs" gcnodes=0 gcsize=0.00B gctime=0s livenodes=1 livesize=0.00B
INFO [10-06|03:41:18.622] Writing snapshot state to disk           root="5833f2…29dde1"
INFO [10-06|03:41:18.622] Persisted trie from memory database      nodes=0 size=0.00B time="5.74µs"   gcnodes=0 gcsize=0.00B gctime=0s livenodes=1 livesize=0.00B
INFO [10-06|03:41:18.622] Writing clean trie cache to disk         path=/data/geth/triecache threads=24
INFO [10-06|03:41:18.628] Persisted the clean trie cache           path=/data/geth/triecache elapsed=5.561ms
INFO [10-06|03:41:18.628] Blockchain stopped 
